<?xml version="1.0" encoding="UTF-8"?>
<testsuite xmlns:xsi="http://www.w3.org/2001/XMLSchema-instance" xsi:noNamespaceSchemaLocation="https://maven.apache.org/surefire/maven-surefire-plugin/xsd/surefire-test-report.xsd" version="3.0.2" name="com.knox.notification.ApplicationTests" time="4.968" tests="1" errors="0" skipped="0" failures="0">
  <properties>
[...]
</properties>
  <testcase name="contextLoads" classname="com.knox.notification.ApplicationTests" time="0.904">
    <system-out><![CDATA[17:43:13.521 [main] INFO org.springframework.test.context.support.AnnotationConfigContextLoaderUtils -- Could not detect default configuration classes for test class [com.knox.notification.ApplicationTests]: ApplicationTests does not declare any static, non-private, non-final, nested classes annotated with @Configuration.
17:43:13.656 [main] INFO org.springframework.boot.test.context.SpringBootTestContextBootstrapper -- Found @SpringBootConfiguration com.knox.notification.Application for test class com.knox.notification.ApplicationTests

  .   ____          _            __ _ _
 /\\ / ___'_ __ _ _(_)_ __  __ _ \ \ \ \
( ( )\___ | '_ | '_| | '_ \/ _` | \ \ \ \
 \\/  ___)| |_)| | | | | || (_| |  ) ) ) )
  '  |____| .__|_| |_|_| |_\__, | / / / /
 =========|_|==============|___/=/_/_/_/

 :: Spring Boot ::                (v4.0.3)

2026-03-03T17:43:14.353+05:30  INFO 30520 --- [com.knox.notification] [           main] com.knox.notification.ApplicationTests   : Starting ApplicationTests using Java 17.0.12 with PID 30520 (started by ShamsulAnsari in C:\Users\ShamsulAnsari\OneDrive - IBM\Documents\Personal Practice\com.knox.notification)
2026-03-03T17:43:14.357+05:30  INFO 30520 --- [com.knox.notification] [           main] com.knox.notification.ApplicationTests   : No active profile set, falling back to 1 default profile: "default"
2026-03-03T17:43:17.231+05:30  INFO 30520 --- [com.knox.notification] [           main] com.knox.notification.ApplicationTests   : Started ApplicationTests in 3.347 seconds (process running for 5.048)
2026-03-03T17:43:17.238+05:30  WARN 30520 --- [com.knox.notification] [           main] o.s.core.events.SpringDocAppInitializer  : SpringDoc /v3/api-docs endpoint is enabled by default. To disable it in production, set the property 'springdoc.api-docs.enabled=false'
2026-03-03T17:43:17.239+05:30  WARN 30520 --- [com.knox.notification] [           main] o.s.core.events.SpringDocAppInitializer  : SpringDoc /swagger-ui.html endpoint is enabled by default. To disable it in production, set the property 'springdoc.swagger-ui.enabled=false'
]]></system-out>
  </testcase>
</testsuite>